
/home/runner/work/exp-frequency-response-of-zoh-foh-using-transfer-functions-pade-approximations-iitkgp/exp-frequency-response-of-zoh-foh-using-transfer-functions-pade-approximations-iitkgp/experiment/simulation/js/ZOH_FOH.js
     4:10  warning  'inputChange' is defined but never used        no-unused-vars
    15:10  warning  'refresh' is defined but never used            no-unused-vars
    37:10  warning  'ZOH_fr' is defined but never used             no-unused-vars
    49:2   warning  'f1' is not defined                            no-undef
    55:10  warning  'math' is not defined                          no-undef
    55:26  warning  'math' is not defined                          no-undef
    57:6   warning  'scndprt1' is assigned a value but never used  no-unused-vars
    57:17  warning  'math' is not defined                          no-undef
    59:14  warning  'math' is not defined                          no-undef
    59:23  warning  'math' is not defined                          no-undef
    59:30  warning  'math' is not defined                          no-undef
    59:45  warning  'math' is not defined                          no-undef
    60:6   warning  'frstprt1' is assigned a value but never used  no-unused-vars
    60:17  warning  'math' is not defined                          no-undef
    63:14  warning  'math' is not defined                          no-undef
    64:11  warning  'math' is not defined                          no-undef
    64:28  warning  'math' is not defined                          no-undef
    74:11  warning  'math' is not defined                          no-undef
    74:27  warning  'math' is not defined                          no-undef
    75:16  warning  'math' is not defined                          no-undef
    77:13  warning  'math' is not defined                          no-undef
    77:22  warning  'math' is not defined                          no-undef
    77:29  warning  'math' is not defined                          no-undef
    77:44  warning  'math' is not defined                          no-undef
    78:16  warning  'math' is not defined                          no-undef
    79:11  warning  'math' is not defined                          no-undef
    81:15  warning  'math' is not defined                          no-undef
    83:6   warning  'fraction' is assigned a value but never used  no-unused-vars
    83:17  warning  'math' is not defined                          no-undef
    86:25  warning  'math' is not defined                          no-undef
    97:4   warning  'math' is not defined                          no-undef
   103:19  warning  'CanvasJS' is not defined                      no-undef
   106:1   warning  Mixed spaces and tabs                          no-mixed-spaces-and-tabs
   107:2   warning  Mixed spaces and tabs                          no-mixed-spaces-and-tabs
   108:1   warning  Mixed spaces and tabs                          no-mixed-spaces-and-tabs
   110:1   warning  Mixed spaces and tabs                          no-mixed-spaces-and-tabs
   112:1   warning  Mixed spaces and tabs                          no-mixed-spaces-and-tabs
   113:1   warning  Mixed spaces and tabs                          no-mixed-spaces-and-tabs
   119:1   warning  Mixed spaces and tabs                          no-mixed-spaces-and-tabs
   120:2   warning  Mixed spaces and tabs                          no-mixed-spaces-and-tabs
   147:19  warning  'CanvasJS' is not defined                      no-undef
   150:1   warning  Mixed spaces and tabs                          no-mixed-spaces-and-tabs
   151:2   warning  Mixed spaces and tabs                          no-mixed-spaces-and-tabs
   152:1   warning  Mixed spaces and tabs                          no-mixed-spaces-and-tabs
   154:1   warning  Mixed spaces and tabs                          no-mixed-spaces-and-tabs
   156:1   warning  Mixed spaces and tabs                          no-mixed-spaces-and-tabs
   157:1   warning  Mixed spaces and tabs                          no-mixed-spaces-and-tabs
   163:1   warning  Mixed spaces and tabs                          no-mixed-spaces-and-tabs
   164:2   warning  Mixed spaces and tabs                          no-mixed-spaces-and-tabs
   204:10  warning  'ZOH_bode' is defined but never used           no-unused-vars
   216:2   warning  'f1' is not defined                            no-undef
   217:10  warning  'math' is not defined                          no-undef
   217:26  warning  'math' is not defined                          no-undef
   219:6   warning  'scndprt1' is assigned a value but never used  no-unused-vars
   219:17  warning  'math' is not defined                          no-undef
   221:14  warning  'math' is not defined                          no-undef
   221:23  warning  'math' is not defined                          no-undef
   221:30  warning  'math' is not defined                          no-undef
   221:45  warning  'math' is not defined                          no-undef
   222:6   warning  'frstprt1' is assigned a value but never used  no-unused-vars
   222:17  warning  'math' is not defined                          no-undef
   225:14  warning  'math' is not defined                          no-undef
   226:11  warning  'math' is not defined                          no-undef
   226:28  warning  'math' is not defined                          no-undef
   236:11  warning  'math' is not defined                          no-undef
   236:27  warning  'math' is not defined                          no-undef
   237:16  warning  'math' is not defined                          no-undef
   239:13  warning  'math' is not defined                          no-undef
   239:22  warning  'math' is not defined                          no-undef
   239:29  warning  'math' is not defined                          no-undef
   239:44  warning  'math' is not defined                          no-undef
   240:16  warning  'math' is not defined                          no-undef
   241:11  warning  'math' is not defined                          no-undef
   243:15  warning  'math' is not defined                          no-undef
   245:6   warning  'fraction' is assigned a value but never used  no-unused-vars
   245:17  warning  'math' is not defined                          no-undef
   248:25  warning  'math' is not defined                          no-undef
   262:18  warning  'CanvasJS' is not defined                      no-undef
   265:1   warning  Mixed spaces and tabs                          no-mixed-spaces-and-tabs
   266:2   warning  Mixed spaces and tabs                          no-mixed-spaces-and-tabs
   267:1   warning  Mixed spaces and tabs                          no-mixed-spaces-and-tabs
   269:1   warning  Mixed spaces and tabs                          no-mixed-spaces-and-tabs
   271:1   warning  Mixed spaces and tabs                          no-mixed-spaces-and-tabs
   272:1   warning  Mixed spaces and tabs                          no-mixed-spaces-and-tabs
   278:1   warning  Mixed spaces and tabs                          no-mixed-spaces-and-tabs
   279:2   warning  Mixed spaces and tabs                          no-mixed-spaces-and-tabs
   306:6   warning  'chart' is already defined                     no-redeclare
   306:18  warning  'CanvasJS' is not defined                      no-undef
   309:1   warning  Mixed spaces and tabs                          no-mixed-spaces-and-tabs
   310:2   warning  Mixed spaces and tabs                          no-mixed-spaces-and-tabs
   311:1   warning  Mixed spaces and tabs                          no-mixed-spaces-and-tabs
   313:1   warning  Mixed spaces and tabs                          no-mixed-spaces-and-tabs
   315:1   warning  Mixed spaces and tabs                          no-mixed-spaces-and-tabs
   316:1   warning  Mixed spaces and tabs                          no-mixed-spaces-and-tabs
   322:1   warning  Mixed spaces and tabs                          no-mixed-spaces-and-tabs
   323:2   warning  Mixed spaces and tabs                          no-mixed-spaces-and-tabs
   356:10  warning  'ZOH_pade1_fr' is defined but never used       no-unused-vars
   360:6   warning  'Ts' is assigned a value but never used        no-unused-vars
   369:2   warning  'f1' is not defined                            no-undef
   370:10  warning  'math' is not defined                          no-undef
   370:26  warning  'math' is not defined                          no-undef
   372:14  warning  'math' is not defined                          no-undef
   373:18  warning  'math' is not defined                          no-undef
   374:18  warning  'math' is not defined                          no-undef
   377:17  warning  'math' is not defined                          no-undef
   377:33  warning  'math' is not defined                          no-undef
   378:11  warning  'math' is not defined                          no-undef
   387:11  warning  'math' is not defined                          no-undef
   387:27  warning  'math' is not defined                          no-undef
   389:13  warning  'math' is not defined                          no-undef
   390:17  warning  'math' is not defined                          no-undef
   391:17  warning  'math' is not defined                          no-undef
   394:16  warning  'math' is not defined                          no-undef
   394:32  warning  'math' is not defined                          no-undef
   395:12  warning  'math' is not defined                          no-undef
   398:15  warning  'math' is not defined                          no-undef
   400:6   warning  'fraction' is assigned a value but never used  no-unused-vars
   400:17  warning  'math' is not defined                          no-undef
   403:25  warning  'math' is not defined                          no-undef
   417:18  warning  'CanvasJS' is not defined                      no-undef
   420:1   warning  Mixed spaces and tabs                          no-mixed-spaces-and-tabs
   421:2   warning  Mixed spaces and tabs                          no-mixed-spaces-and-tabs
   422:1   warning  Mixed spaces and tabs                          no-mixed-spaces-and-tabs
   424:1   warning  Mixed spaces and tabs                          no-mixed-spaces-and-tabs
   426:1   warning  Mixed spaces and tabs                          no-mixed-spaces-and-tabs
   427:1   warning  Mixed spaces and tabs                          no-mixed-spaces-and-tabs
   432:1   warning  Mixed spaces and tabs                          no-mixed-spaces-and-tabs
   433:2   warning  Mixed spaces and tabs                          no-mixed-spaces-and-tabs
   460:6   warning  'chart' is already defined                     no-redeclare
   460:18  warning  'CanvasJS' is not defined                      no-undef
   463:1   warning  Mixed spaces and tabs                          no-mixed-spaces-and-tabs
   464:2   warning  Mixed spaces and tabs                          no-mixed-spaces-and-tabs
   465:1   warning  Mixed spaces and tabs                          no-mixed-spaces-and-tabs
   467:1   warning  Mixed spaces and tabs                          no-mixed-spaces-and-tabs
   469:1   warning  Mixed spaces and tabs                          no-mixed-spaces-and-tabs
   470:1   warning  Mixed spaces and tabs                          no-mixed-spaces-and-tabs
   475:1   warning  Mixed spaces and tabs                          no-mixed-spaces-and-tabs
   476:2   warning  Mixed spaces and tabs                          no-mixed-spaces-and-tabs
   506:10  warning  'ZOH_pade1_bode' is defined but never used     no-unused-vars
   510:6   warning  'Ts' is assigned a value but never used        no-unused-vars
   519:2   warning  'f1' is not defined                            no-undef
   520:10  warning  'math' is not defined                          no-undef
   520:26  warning  'math' is not defined                          no-undef
   522:14  warning  'math' is not defined                          no-undef
   523:18  warning  'math' is not defined                          no-undef
   524:18  warning  'math' is not defined                          no-undef
   527:17  warning  'math' is not defined                          no-undef
   527:33  warning  'math' is not defined                          no-undef
   528:11  warning  'math' is not defined                          no-undef
   537:11  warning  'math' is not defined                          no-undef
   537:27  warning  'math' is not defined                          no-undef
   539:13  warning  'math' is not defined                          no-undef
   540:17  warning  'math' is not defined                          no-undef
   541:17  warning  'math' is not defined                          no-undef
   544:16  warning  'math' is not defined                          no-undef
   544:32  warning  'math' is not defined                          no-undef
   545:12  warning  'math' is not defined                          no-undef
   548:15  warning  'math' is not defined                          no-undef
   550:6   warning  'fraction' is assigned a value but never used  no-unused-vars
   550:17  warning  'math' is not defined                          no-undef
   553:25  warning  'math' is not defined                          no-undef
   567:18  warning  'CanvasJS' is not defined                      no-undef
   570:1   warning  Mixed spaces and tabs                          no-mixed-spaces-and-tabs
   571:2   warning  Mixed spaces and tabs                          no-mixed-spaces-and-tabs
   572:1   warning  Mixed spaces and tabs                          no-mixed-spaces-and-tabs
   574:1   warning  Mixed spaces and tabs                          no-mixed-spaces-and-tabs
   576:1   warning  Mixed spaces and tabs                          no-mixed-spaces-and-tabs
   577:1   warning  Mixed spaces and tabs                          no-mixed-spaces-and-tabs
   583:1   warning  Mixed spaces and tabs                          no-mixed-spaces-and-tabs
   584:2   warning  Mixed spaces and tabs                          no-mixed-spaces-and-tabs
   611:6   warning  'chart' is already defined                     no-redeclare
   611:18  warning  'CanvasJS' is not defined                      no-undef
   614:1   warning  Mixed spaces and tabs                          no-mixed-spaces-and-tabs
   615:2   warning  Mixed spaces and tabs                          no-mixed-spaces-and-tabs
   616:1   warning  Mixed spaces and tabs                          no-mixed-spaces-and-tabs
   618:1   warning  Mixed spaces and tabs                          no-mixed-spaces-and-tabs
   620:1   warning  Mixed spaces and tabs                          no-mixed-spaces-and-tabs
   621:1   warning  Mixed spaces and tabs                          no-mixed-spaces-and-tabs
   627:1   warning  Mixed spaces and tabs                          no-mixed-spaces-and-tabs
   628:2   warning  Mixed spaces and tabs                          no-mixed-spaces-and-tabs
   661:10  warning  'FOH_fr' is defined but never used             no-unused-vars
   676:2   warning  'f1' is not defined                            no-undef
   677:10  warning  'math' is not defined                          no-undef
   677:26  warning  'math' is not defined                          no-undef
   688:15  warning  'math' is not defined                          no-undef
   688:31  warning  'math' is not defined                          no-undef
   689:12  warning  'math' is not defined                          no-undef
   689:28  warning  'math' is not defined                          no-undef
   689:37  warning  'math' is not defined                          no-undef
   689:44  warning  'math' is not defined                          no-undef
   689:60  warning  'math' is not defined                          no-undef
   690:12  warning  'math' is not defined                          no-undef
   690:21  warning  'math' is not defined                          no-undef
   690:28  warning  'math' is not defined                          no-undef
   690:44  warning  'math' is not defined                          no-undef
   691:12  warning  'math' is not defined                          no-undef
   692:11  warning  'math' is not defined                          no-undef
   693:11  warning  'math' is not defined                          no-undef
   693:28  warning  'math' is not defined                          no-undef
   694:10  warning  'math' is not defined                          no-undef
   702:14  warning  'math' is not defined                          no-undef
   704:11  warning  'math' is not defined                          no-undef
   704:28  warning  'math' is not defined                          no-undef
   704:52  warning  'math' is not defined                          no-undef
   715:11  warning  'math' is not defined                          no-undef
   715:27  warning  'math' is not defined                          no-undef
   717:15  warning  'math' is not defined                          no-undef
   717:24  warning  'math' is not defined                          no-undef
   719:13  warning  'math' is not defined                          no-undef
   719:22  warning  'math' is not defined                          no-undef
   719:29  warning  'math' is not defined                          no-undef
   719:44  warning  'math' is not defined                          no-undef
   720:16  warning  'math' is not defined                          no-undef
   720:25  warning  'math' is not defined                          no-undef
   721:16  warning  'math' is not defined                          no-undef
   722:19  warning  'math' is not defined                          no-undef
   722:34  warning  'math' is not defined                          no-undef
   724:6   warning  'y' is already defined                         no-redeclare
   724:10  warning  'math' is not defined                          no-undef
   724:25  warning  'math' is not defined                          no-undef
   726:14  warning  'math' is not defined                          no-undef
   726:29  warning  'math' is not defined                          no-undef
   728:6   warning  'fraction' is assigned a value but never used  no-unused-vars
   728:17  warning  'math' is not defined                          no-undef
   731:25  warning  'math' is not defined                          no-undef
   745:18  warning  'CanvasJS' is not defined                      no-undef
   748:1   warning  Mixed spaces and tabs                          no-mixed-spaces-and-tabs
   749:2   warning  Mixed spaces and tabs                          no-mixed-spaces-and-tabs
   750:1   warning  Mixed spaces and tabs                          no-mixed-spaces-and-tabs
   752:1   warning  Mixed spaces and tabs                          no-mixed-spaces-and-tabs
   754:1   warning  Mixed spaces and tabs                          no-mixed-spaces-and-tabs
   755:1   warning  Mixed spaces and tabs                          no-mixed-spaces-and-tabs
   760:1   warning  Mixed spaces and tabs                          no-mixed-spaces-and-tabs
   761:2   warning  Mixed spaces and tabs                          no-mixed-spaces-and-tabs
   788:6   warning  'chart' is already defined                     no-redeclare
   788:18  warning  'CanvasJS' is not defined                      no-undef
   791:1   warning  Mixed spaces and tabs                          no-mixed-spaces-and-tabs
   792:2   warning  Mixed spaces and tabs                          no-mixed-spaces-and-tabs
   793:1   warning  Mixed spaces and tabs                          no-mixed-spaces-and-tabs
   795:1   warning  Mixed spaces and tabs                          no-mixed-spaces-and-tabs
   797:1   warning  Mixed spaces and tabs                          no-mixed-spaces-and-tabs
   798:1   warning  Mixed spaces and tabs                          no-mixed-spaces-and-tabs
   803:1   warning  Mixed spaces and tabs                          no-mixed-spaces-and-tabs
   804:2   warning  Mixed spaces and tabs                          no-mixed-spaces-and-tabs
   835:10  warning  'FOH_bode' is defined but never used           no-unused-vars
   847:2   warning  'f1' is not defined                            no-undef
   848:10  warning  'math' is not defined                          no-undef
   848:26  warning  'math' is not defined                          no-undef
   859:15  warning  'math' is not defined                          no-undef
   859:31  warning  'math' is not defined                          no-undef
   860:12  warning  'math' is not defined                          no-undef
   860:28  warning  'math' is not defined                          no-undef
   860:37  warning  'math' is not defined                          no-undef
   860:44  warning  'math' is not defined                          no-undef
   860:60  warning  'math' is not defined                          no-undef
   861:12  warning  'math' is not defined                          no-undef
   861:21  warning  'math' is not defined                          no-undef
   861:28  warning  'math' is not defined                          no-undef
   861:44  warning  'math' is not defined                          no-undef
   862:12  warning  'math' is not defined                          no-undef
   863:11  warning  'math' is not defined                          no-undef
   864:11  warning  'math' is not defined                          no-undef
   864:28  warning  'math' is not defined                          no-undef
   865:10  warning  'math' is not defined                          no-undef
   873:14  warning  'math' is not defined                          no-undef
   875:11  warning  'math' is not defined                          no-undef
   875:28  warning  'math' is not defined                          no-undef
   875:52  warning  'math' is not defined                          no-undef
   886:11  warning  'math' is not defined                          no-undef
   886:27  warning  'math' is not defined                          no-undef
   888:15  warning  'math' is not defined                          no-undef
   888:24  warning  'math' is not defined                          no-undef
   890:13  warning  'math' is not defined                          no-undef
   890:22  warning  'math' is not defined                          no-undef
   890:29  warning  'math' is not defined                          no-undef
   890:44  warning  'math' is not defined                          no-undef
   891:16  warning  'math' is not defined                          no-undef
   891:25  warning  'math' is not defined                          no-undef
   892:16  warning  'math' is not defined                          no-undef
   893:19  warning  'math' is not defined                          no-undef
   893:34  warning  'math' is not defined                          no-undef
   895:6   warning  'y' is already defined                         no-redeclare
   895:10  warning  'math' is not defined                          no-undef
   895:25  warning  'math' is not defined                          no-undef
   897:14  warning  'math' is not defined                          no-undef
   897:29  warning  'math' is not defined                          no-undef
   899:6   warning  'fraction' is assigned a value but never used  no-unused-vars
   899:17  warning  'math' is not defined                          no-undef
   902:25  warning  'math' is not defined                          no-undef
   916:18  warning  'CanvasJS' is not defined                      no-undef
   919:1   warning  Mixed spaces and tabs                          no-mixed-spaces-and-tabs
   920:2   warning  Mixed spaces and tabs                          no-mixed-spaces-and-tabs
   921:1   warning  Mixed spaces and tabs                          no-mixed-spaces-and-tabs
   923:1   warning  Mixed spaces and tabs                          no-mixed-spaces-and-tabs
   925:1   warning  Mixed spaces and tabs                          no-mixed-spaces-and-tabs
   926:1   warning  Mixed spaces and tabs                          no-mixed-spaces-and-tabs
   932:1   warning  Mixed spaces and tabs                          no-mixed-spaces-and-tabs
   933:2   warning  Mixed spaces and tabs                          no-mixed-spaces-and-tabs
   960:6   warning  'chart' is already defined                     no-redeclare
   960:18  warning  'CanvasJS' is not defined                      no-undef
   963:1   warning  Mixed spaces and tabs                          no-mixed-spaces-and-tabs
   964:2   warning  Mixed spaces and tabs                          no-mixed-spaces-and-tabs
   965:1   warning  Mixed spaces and tabs                          no-mixed-spaces-and-tabs
   967:1   warning  Mixed spaces and tabs                          no-mixed-spaces-and-tabs
   969:1   warning  Mixed spaces and tabs                          no-mixed-spaces-and-tabs
   970:1   warning  Mixed spaces and tabs                          no-mixed-spaces-and-tabs
   976:1   warning  Mixed spaces and tabs                          no-mixed-spaces-and-tabs
   977:2   warning  Mixed spaces and tabs                          no-mixed-spaces-and-tabs
  1009:10  warning  'FOH_pade1_fr' is defined but never used       no-unused-vars
  1022:2   warning  'f1' is not defined                            no-undef
  1023:10  warning  'math' is not defined                          no-undef
  1023:26  warning  'math' is not defined                          no-undef
  1025:14  warning  'math' is not defined                          no-undef
  1026:18  warning  'math' is not defined                          no-undef
  1027:18  warning  'math' is not defined                          no-undef
  1030:17  warning  'math' is not defined                          no-undef
  1030:33  warning  'math' is not defined                          no-undef
  1031:14  warning  'math' is not defined                          no-undef
  1031:26  warning  'math' is not defined                          no-undef
  1031:41  warning  'math' is not defined                          no-undef
  1032:12  warning  'math' is not defined                          no-undef
  1032:27  warning  'math' is not defined                          no-undef
  1032:59  warning  'math' is not defined                          no-undef
  1034:11  warning  'math' is not defined                          no-undef
  1042:11  warning  'math' is not defined                          no-undef
  1042:27  warning  'math' is not defined                          no-undef
  1044:6   warning  'lstprt' is assigned a value but never used    no-unused-vars
  1044:13  warning  'math' is not defined                          no-undef
  1045:17  warning  'math' is not defined                          no-undef
  1046:17  warning  'math' is not defined                          no-undef
  1049:6   warning  'frstprt' is assigned a value but never used   no-unused-vars
  1049:16  warning  'math' is not defined                          no-undef
  1049:32  warning  'math' is not defined                          no-undef
  1051:13  warning  'math' is not defined                          no-undef
  1051:27  warning  'math' is not defined                          no-undef
  1051:42  warning  'math' is not defined                          no-undef
  1052:11  warning  'math' is not defined                          no-undef
  1052:26  warning  'math' is not defined                          no-undef
  1052:58  warning  'math' is not defined                          no-undef
  1054:12  warning  'math' is not defined                          no-undef
  1055:18  warning  'math' is not defined                          no-undef
  1062:6   warning  'fraction' is assigned a value but never used  no-unused-vars
  1062:17  warning  'math' is not defined                          no-undef
  1065:25  warning  'math' is not defined                          no-undef
  1079:18  warning  'CanvasJS' is not defined                      no-undef
  1082:1   warning  Mixed spaces and tabs                          no-mixed-spaces-and-tabs
  1083:2   warning  Mixed spaces and tabs                          no-mixed-spaces-and-tabs
  1084:1   warning  Mixed spaces and tabs                          no-mixed-spaces-and-tabs
  1086:1   warning  Mixed spaces and tabs                          no-mixed-spaces-and-tabs
  1088:1   warning  Mixed spaces and tabs                          no-mixed-spaces-and-tabs
  1089:1   warning  Mixed spaces and tabs                          no-mixed-spaces-and-tabs
  1094:1   warning  Mixed spaces and tabs                          no-mixed-spaces-and-tabs
  1095:2   warning  Mixed spaces and tabs                          no-mixed-spaces-and-tabs
  1122:6   warning  'chart' is already defined                     no-redeclare
  1122:18  warning  'CanvasJS' is not defined                      no-undef
  1125:1   warning  Mixed spaces and tabs                          no-mixed-spaces-and-tabs
  1126:2   warning  Mixed spaces and tabs                          no-mixed-spaces-and-tabs
  1127:1   warning  Mixed spaces and tabs                          no-mixed-spaces-and-tabs
  1129:1   warning  Mixed spaces and tabs                          no-mixed-spaces-and-tabs
  1131:1   warning  Mixed spaces and tabs                          no-mixed-spaces-and-tabs
  1132:1   warning  Mixed spaces and tabs                          no-mixed-spaces-and-tabs
  1137:1   warning  Mixed spaces and tabs                          no-mixed-spaces-and-tabs
  1138:2   warning  Mixed spaces and tabs                          no-mixed-spaces-and-tabs
  1171:10  warning  'FOH_pade1_bode' is defined but never used     no-unused-vars
  1184:2   warning  'f1' is not defined                            no-undef
  1185:10  warning  'math' is not defined                          no-undef
  1185:26  warning  'math' is not defined                          no-undef
  1187:14  warning  'math' is not defined                          no-undef
  1188:18  warning  'math' is not defined                          no-undef
  1189:18  warning  'math' is not defined                          no-undef
  1192:17  warning  'math' is not defined                          no-undef
  1192:33  warning  'math' is not defined                          no-undef
  1193:14  warning  'math' is not defined                          no-undef
  1193:28  warning  'math' is not defined                          no-undef
  1193:43  warning  'math' is not defined                          no-undef
  1194:12  warning  'math' is not defined                          no-undef
  1194:27  warning  'math' is not defined                          no-undef
  1194:59  warning  'math' is not defined                          no-undef
  1196:11  warning  'math' is not defined                          no-undef
  1204:11  warning  'math' is not defined                          no-undef
  1204:27  warning  'math' is not defined                          no-undef
  1206:6   warning  'lstprt' is assigned a value but never used    no-unused-vars
  1206:13  warning  'math' is not defined                          no-undef
  1207:17  warning  'math' is not defined                          no-undef
  1208:17  warning  'math' is not defined                          no-undef
  1211:6   warning  'frstprt' is assigned a value but never used   no-unused-vars
  1211:16  warning  'math' is not defined                          no-undef
  1211:32  warning  'math' is not defined                          no-undef
  1213:13  warning  'math' is not defined                          no-undef
  1213:25  warning  'math' is not defined                          no-undef
  1213:40  warning  'math' is not defined                          no-undef
  1214:11  warning  'math' is not defined                          no-undef
  1214:26  warning  'math' is not defined                          no-undef
  1214:58  warning  'math' is not defined                          no-undef
  1216:12  warning  'math' is not defined                          no-undef
  1217:18  warning  'math' is not defined                          no-undef
  1224:6   warning  'fraction' is assigned a value but never used  no-unused-vars
  1224:17  warning  'math' is not defined                          no-undef
  1227:25  warning  'math' is not defined                          no-undef
  1241:18  warning  'CanvasJS' is not defined                      no-undef
  1244:1   warning  Mixed spaces and tabs                          no-mixed-spaces-and-tabs
  1245:2   warning  Mixed spaces and tabs                          no-mixed-spaces-and-tabs
  1246:1   warning  Mixed spaces and tabs                          no-mixed-spaces-and-tabs
  1248:1   warning  Mixed spaces and tabs                          no-mixed-spaces-and-tabs
  1250:1   warning  Mixed spaces and tabs                          no-mixed-spaces-and-tabs
  1251:1   warning  Mixed spaces and tabs                          no-mixed-spaces-and-tabs
  1257:1   warning  Mixed spaces and tabs                          no-mixed-spaces-and-tabs
  1258:2   warning  Mixed spaces and tabs                          no-mixed-spaces-and-tabs
  1285:6   warning  'chart' is already defined                     no-redeclare
  1285:18  warning  'CanvasJS' is not defined                      no-undef
  1288:1   warning  Mixed spaces and tabs                          no-mixed-spaces-and-tabs
  1289:2   warning  Mixed spaces and tabs                          no-mixed-spaces-and-tabs
  1290:1   warning  Mixed spaces and tabs                          no-mixed-spaces-and-tabs
  1292:1   warning  Mixed spaces and tabs                          no-mixed-spaces-and-tabs
  1294:1   warning  Mixed spaces and tabs                          no-mixed-spaces-and-tabs
  1295:1   warning  Mixed spaces and tabs                          no-mixed-spaces-and-tabs
  1301:1   warning  Mixed spaces and tabs                          no-mixed-spaces-and-tabs
  1302:2   warning  Mixed spaces and tabs                          no-mixed-spaces-and-tabs

✖ 418 problems (0 errors, 418 warnings)

